[35m[1mScanning dependencies of target pilz_industrial_motion_planner_lib[0m
[35m[1mScanning dependencies of target object_recognition_msgs_generate_messages_eus[0m
[35m[1mScanning dependencies of target trajectory_msgs_generate_messages_lisp[0m
[35m[1mScanning dependencies of target geometry_msgs_generate_messages_py[0m
[  0%] Built target trajectory_msgs_generate_messages_lisp
[  0%] Built target geometry_msgs_generate_messages_py
[  0%] Built target object_recognition_msgs_generate_messages_eus
[35m[1mScanning dependencies of target shape_msgs_generate_messages_lisp[0m
[35m[1mScanning dependencies of target sensor_msgs_generate_messages_nodejs[0m
[35m[1mScanning dependencies of target roscpp_generate_messages_py[0m
[  0%] Built target roscpp_generate_messages_py
[  0%] Built target shape_msgs_generate_messages_lisp
[  0%] Built target sensor_msgs_generate_messages_nodejs
[35m[1mScanning dependencies of target trajectory_msgs_generate_messages_cpp[0m
[35m[1mScanning dependencies of target sensor_msgs_generate_messages_cpp[0m
[35m[1mScanning dependencies of target actionlib_msgs_generate_messages_nodejs[0m
[  0%] Built target trajectory_msgs_generate_messages_cpp
[  0%] Built target sensor_msgs_generate_messages_cpp
[35m[1mScanning dependencies of target actionlib_msgs_generate_messages_lisp[0m
[  0%] Built target actionlib_msgs_generate_messages_nodejs
[35m[1mScanning dependencies of target tf_generate_messages_py[0m
[  0%] Built target actionlib_msgs_generate_messages_lisp
[35m[1mScanning dependencies of target moveit_msgs_generate_messages_nodejs[0m
[35m[1mScanning dependencies of target moveit_msgs_generate_messages_cpp[0m
[  0%] Built target tf_generate_messages_py
[  0%] Built target moveit_msgs_generate_messages_nodejs
[  0%] Built target moveit_msgs_generate_messages_cpp
[35m[1mScanning dependencies of target visualization_msgs_generate_messages_py[0m
[35m[1mScanning dependencies of target trajectory_msgs_generate_messages_py[0m
[35m[1mScanning dependencies of target rosgraph_msgs_generate_messages_cpp[0m
[  0%] Built target visualization_msgs_generate_messages_py
[  0%] Built target rosgraph_msgs_generate_messages_cpp
[  0%] Built target trajectory_msgs_generate_messages_py
[35m[1mScanning dependencies of target actionlib_msgs_generate_messages_cpp[0m
[35m[1mScanning dependencies of target tf2_msgs_generate_messages_eus[0m
[35m[1mScanning dependencies of target moveit_msgs_generate_messages_eus[0m
[  0%] Built target moveit_msgs_generate_messages_eus
[  0%] Built target actionlib_msgs_generate_messages_cpp
[  0%] Built target tf2_msgs_generate_messages_eus
[35m[1mScanning dependencies of target moveit_ros_planning_gencfg[0m
[35m[1mScanning dependencies of target roscpp_generate_messages_nodejs[0m
[  0%] Built target moveit_ros_planning_gencfg
[35m[1mScanning dependencies of target object_recognition_msgs_generate_messages_lisp[0m
[  0%] Built target roscpp_generate_messages_nodejs
[  0%] Built target object_recognition_msgs_generate_messages_lisp
[35m[1mScanning dependencies of target moveit_msgs_generate_messages_py[0m
[  2%] [32mBuilding CXX object CMakeFiles/pilz_industrial_motion_planner_lib.dir/src/pilz_industrial_motion_planner.cpp.o[0m
[35m[1mScanning dependencies of target octomap_msgs_generate_messages_eus[0m
[35m[1mScanning dependencies of target visualization_msgs_generate_messages_eus[0m
[  2%] Built target moveit_msgs_generate_messages_py
[  2%] Built target octomap_msgs_generate_messages_eus
[  2%] Built target visualization_msgs_generate_messages_eus
[  4%] [32mBuilding CXX object CMakeFiles/pilz_industrial_motion_planner_lib.dir/src/planning_context_loader.cpp.o[0m
[  6%] [32mBuilding CXX object CMakeFiles/pilz_industrial_motion_planner_lib.dir/src/joint_limits_validator.cpp.o[0m
[  8%] [32mBuilding CXX object CMakeFiles/pilz_industrial_motion_planner_lib.dir/src/joint_limits_aggregator.cpp.o[0m
[  8%] [32mBuilding CXX object CMakeFiles/pilz_industrial_motion_planner_lib.dir/src/joint_limits_container.cpp.o[0m
[35m[1mScanning dependencies of target geometry_msgs_generate_messages_cpp[0m
[  8%] Built target geometry_msgs_generate_messages_cpp
[35m[1mScanning dependencies of target visualization_msgs_generate_messages_lisp[0m
[  8%] Built target visualization_msgs_generate_messages_lisp
[35m[1mScanning dependencies of target geometry_msgs_generate_messages_nodejs[0m
[  8%] Built target geometry_msgs_generate_messages_nodejs
[ 10%] [32mBuilding CXX object CMakeFiles/pilz_industrial_motion_planner_lib.dir/src/cartesian_limits_aggregator.cpp.o[0m
[ 12%] [32mBuilding CXX object CMakeFiles/pilz_industrial_motion_planner_lib.dir/src/cartesian_limit.cpp.o[0m
[ 14%] [32mBuilding CXX object CMakeFiles/pilz_industrial_motion_planner_lib.dir/src/limits_container.cpp.o[0m
[35m[1mScanning dependencies of target dynamic_reconfigure_generate_messages_eus[0m
[ 14%] Built target dynamic_reconfigure_generate_messages_eus
[35m[1mScanning dependencies of target roscpp_generate_messages_eus[0m
[ 14%] Built target roscpp_generate_messages_eus
[ 14%] [32mBuilding CXX object CMakeFiles/pilz_industrial_motion_planner_lib.dir/src/trajectory_functions.cpp.o[0m
[35m[1mScanning dependencies of target roscpp_generate_messages_cpp[0m
[ 14%] Built target roscpp_generate_messages_cpp
[ 16%] [32mBuilding CXX object CMakeFiles/pilz_industrial_motion_planner_lib.dir/src/plan_components_builder.cpp.o[0m
[35m[1mScanning dependencies of target visualization_msgs_generate_messages_nodejs[0m
[ 16%] Built target visualization_msgs_generate_messages_nodejs
[35m[1mScanning dependencies of target rosgraph_msgs_generate_messages_py[0m
[ 16%] Built target rosgraph_msgs_generate_messages_py
[35m[1mScanning dependencies of target shape_msgs_generate_messages_nodejs[0m
[ 16%] Built target shape_msgs_generate_messages_nodejs
[35m[1mScanning dependencies of target object_recognition_msgs_generate_messages_nodejs[0m
[ 16%] Built target object_recognition_msgs_generate_messages_nodejs
[35m[1mScanning dependencies of target actionlib_msgs_generate_messages_eus[0m
[ 16%] Built target actionlib_msgs_generate_messages_eus
[35m[1mScanning dependencies of target dynamic_reconfigure_generate_messages_py[0m
[ 16%] Built target dynamic_reconfigure_generate_messages_py
[35m[1mScanning dependencies of target rosgraph_msgs_generate_messages_lisp[0m
[ 16%] Built target rosgraph_msgs_generate_messages_lisp
[35m[1mScanning dependencies of target visualization_msgs_generate_messages_cpp[0m
[ 16%] Built target visualization_msgs_generate_messages_cpp
[35m[1mScanning dependencies of target tf_generate_messages_eus[0m
[ 16%] Built target tf_generate_messages_eus
[35m[1mScanning dependencies of target trajectory_msgs_generate_messages_eus[0m
[ 16%] Built target trajectory_msgs_generate_messages_eus
[35m[1mScanning dependencies of target std_srvs_generate_messages_cpp[0m
[ 16%] Built target std_srvs_generate_messages_cpp
[35m[1mScanning dependencies of target sensor_msgs_generate_messages_lisp[0m
[ 16%] Built target sensor_msgs_generate_messages_lisp
[35m[1mScanning dependencies of target tf2_msgs_generate_messages_nodejs[0m
[ 16%] Built target tf2_msgs_generate_messages_nodejs
[35m[1mScanning dependencies of target moveit_msgs_generate_messages_lisp[0m
[ 16%] Built target moveit_msgs_generate_messages_lisp
[35m[1mScanning dependencies of target actionlib_msgs_generate_messages_py[0m
[ 16%] Built target actionlib_msgs_generate_messages_py
[35m[1mScanning dependencies of target rosgraph_msgs_generate_messages_nodejs[0m
[ 16%] Built target rosgraph_msgs_generate_messages_nodejs
[35m[1mScanning dependencies of target object_recognition_msgs_generate_messages_py[0m
[ 16%] Built target object_recognition_msgs_generate_messages_py
[35m[1mScanning dependencies of target std_msgs_generate_messages_cpp[0m
[ 16%] Built target std_msgs_generate_messages_cpp
[35m[1mScanning dependencies of target object_recognition_msgs_generate_messages_cpp[0m
[ 16%] Built target object_recognition_msgs_generate_messages_cpp
[35m[1mScanning dependencies of target std_msgs_generate_messages_py[0m
[ 16%] Built target std_msgs_generate_messages_py
[35m[1mScanning dependencies of target actionlib_generate_messages_lisp[0m
[ 16%] Built target actionlib_generate_messages_lisp
[35m[1mScanning dependencies of target sensor_msgs_generate_messages_eus[0m
[ 16%] Built target sensor_msgs_generate_messages_eus
[35m[1mScanning dependencies of target shape_msgs_generate_messages_cpp[0m
[ 16%] Built target shape_msgs_generate_messages_cpp
[35m[1mScanning dependencies of target moveit_ros_manipulation_gencfg[0m
[ 16%] Built target moveit_ros_manipulation_gencfg
[35m[1mScanning dependencies of target geometry_msgs_generate_messages_lisp[0m
[ 16%] Built target geometry_msgs_generate_messages_lisp
[35m[1mScanning dependencies of target shape_msgs_generate_messages_eus[0m
[ 16%] Built target shape_msgs_generate_messages_eus
[35m[1mScanning dependencies of target std_msgs_generate_messages_nodejs[0m
[ 16%] Built target std_msgs_generate_messages_nodejs
[35m[1mScanning dependencies of target geometry_msgs_generate_messages_eus[0m
[ 16%] Built target geometry_msgs_generate_messages_eus
[35m[1mScanning dependencies of target std_msgs_generate_messages_lisp[0m
[ 16%] Built target std_msgs_generate_messages_lisp
[35m[1mScanning dependencies of target octomap_msgs_generate_messages_cpp[0m
[ 16%] Built target octomap_msgs_generate_messages_cpp
[35m[1mScanning dependencies of target octomap_msgs_generate_messages_lisp[0m
[ 16%] Built target octomap_msgs_generate_messages_lisp
[35m[1mScanning dependencies of target actionlib_generate_messages_eus[0m
[ 16%] Built target actionlib_generate_messages_eus
[35m[1mScanning dependencies of target octomap_msgs_generate_messages_nodejs[0m
[ 16%] Built target octomap_msgs_generate_messages_nodejs
[35m[1mScanning dependencies of target tf2_msgs_generate_messages_cpp[0m
[ 16%] Built target tf2_msgs_generate_messages_cpp
[35m[1mScanning dependencies of target dynamic_reconfigure_generate_messages_lisp[0m
[ 16%] Built target dynamic_reconfigure_generate_messages_lisp
[35m[1mScanning dependencies of target octomap_msgs_generate_messages_py[0m
[ 16%] Built target octomap_msgs_generate_messages_py
[35m[1mScanning dependencies of target tf2_msgs_generate_messages_lisp[0m
[ 16%] Built target tf2_msgs_generate_messages_lisp
[35m[1mScanning dependencies of target tf2_msgs_generate_messages_py[0m
[ 16%] Built target tf2_msgs_generate_messages_py
[35m[1mScanning dependencies of target dynamic_reconfigure_generate_messages_nodejs[0m
[ 16%] Built target dynamic_reconfigure_generate_messages_nodejs
[35m[1mScanning dependencies of target actionlib_generate_messages_cpp[0m
[ 16%] Built target actionlib_generate_messages_cpp
[35m[1mScanning dependencies of target std_srvs_generate_messages_py[0m
[ 16%] Built target std_srvs_generate_messages_py
[35m[1mScanning dependencies of target actionlib_generate_messages_nodejs[0m
[ 16%] Built target actionlib_generate_messages_nodejs
[35m[1mScanning dependencies of target actionlib_generate_messages_py[0m
[ 16%] Built target actionlib_generate_messages_py
[35m[1mScanning dependencies of target dynamic_reconfigure_gencfg[0m
[ 16%] Built target dynamic_reconfigure_gencfg
[35m[1mScanning dependencies of target std_srvs_generate_messages_eus[0m
[ 16%] Built target std_srvs_generate_messages_eus
[35m[1mScanning dependencies of target std_msgs_generate_messages_eus[0m
[ 16%] Built target std_msgs_generate_messages_eus
[35m[1mScanning dependencies of target roscpp_generate_messages_lisp[0m
[ 16%] Built target roscpp_generate_messages_lisp
[35m[1mScanning dependencies of target std_srvs_generate_messages_lisp[0m
[ 16%] Built target std_srvs_generate_messages_lisp
[35m[1mScanning dependencies of target std_srvs_generate_messages_nodejs[0m
[ 16%] Built target std_srvs_generate_messages_nodejs
[35m[1mScanning dependencies of target trajectory_msgs_generate_messages_nodejs[0m
[ 16%] Built target trajectory_msgs_generate_messages_nodejs
[35m[1mScanning dependencies of target tf_generate_messages_cpp[0m
[ 16%] Built target tf_generate_messages_cpp
[35m[1mScanning dependencies of target tf_generate_messages_lisp[0m
[ 16%] Built target tf_generate_messages_lisp
[35m[1mScanning dependencies of target shape_msgs_generate_messages_py[0m
[ 16%] Built target shape_msgs_generate_messages_py
[35m[1mScanning dependencies of target tf_generate_messages_nodejs[0m
[ 16%] Built target tf_generate_messages_nodejs
[35m[1mScanning dependencies of target rosgraph_msgs_generate_messages_eus[0m
[ 16%] Built target rosgraph_msgs_generate_messages_eus
[35m[1mScanning dependencies of target sensor_msgs_generate_messages_py[0m
[ 16%] Built target sensor_msgs_generate_messages_py
[35m[1mScanning dependencies of target dynamic_reconfigure_generate_messages_cpp[0m
[ 16%] Built target dynamic_reconfigure_generate_messages_cpp
[35m[1mScanning dependencies of target planning_context_loader_circ[0m
[ 18%] [32mBuilding CXX object CMakeFiles/planning_context_loader_circ.dir/src/planning_context_loader_circ.cpp.o[0m
[35m[1mScanning dependencies of target pilz_industrial_motion_planner[0m
[ 20%] [32mBuilding CXX object CMakeFiles/pilz_industrial_motion_planner.dir/src/pilz_industrial_motion_planner.cpp.o[0m
[35m[1mScanning dependencies of target sequence_capability[0m
[ 22%] [32m[1mLinking CXX shared library /root/catkin_ws/devel/.private/pilz_industrial_motion_planner/lib/libpilz_industrial_motion_planner_lib.so[0m
[ 25%] [32mBuilding CXX object CMakeFiles/sequence_capability.dir/src/move_group_sequence_action.cpp.o[0m
[ 25%] Built target pilz_industrial_motion_planner_lib
[ 27%] [32mBuilding CXX object CMakeFiles/planning_context_loader_circ.dir/src/planning_context_loader.cpp.o[0m
[ 29%] [32mBuilding CXX object CMakeFiles/pilz_industrial_motion_planner.dir/src/planning_context_loader.cpp.o[0m
[ 31%] [32mBuilding CXX object CMakeFiles/pilz_industrial_motion_planner.dir/src/joint_limits_aggregator.cpp.o[0m
[ 33%] [32mBuilding CXX object CMakeFiles/sequence_capability.dir/src/move_group_sequence_service.cpp.o[0m
[35m[1mScanning dependencies of target planning_context_loader_ptp[0m
[ 35%] [32mBuilding CXX object CMakeFiles/planning_context_loader_ptp.dir/src/planning_context_loader_ptp.cpp.o[0m
[ 35%] [32mBuilding CXX object CMakeFiles/planning_context_loader_circ.dir/src/trajectory_functions.cpp.o[0m
[ 35%] [32mBuilding CXX object CMakeFiles/pilz_industrial_motion_planner.dir/src/joint_limits_container.cpp.o[0m
[ 37%] [32mBuilding CXX object CMakeFiles/pilz_industrial_motion_planner.dir/src/limits_container.cpp.o[0m
[ 39%] [32mBuilding CXX object CMakeFiles/pilz_industrial_motion_planner.dir/src/cartesian_limit.cpp.o[0m
[ 41%] [32mBuilding CXX object CMakeFiles/pilz_industrial_motion_planner.dir/src/cartesian_limits_aggregator.cpp.o[0m
[ 41%] [32mBuilding CXX object CMakeFiles/planning_context_loader_ptp.dir/src/planning_context_loader.cpp.o[0m
[ 43%] [32mBuilding CXX object CMakeFiles/planning_context_loader_circ.dir/src/trajectory_generator.cpp.o[0m
[ 43%] [32m[1mLinking CXX shared library /root/catkin_ws/devel/.private/pilz_industrial_motion_planner/lib/libpilz_industrial_motion_planner.so[0m
[ 43%] Built target pilz_industrial_motion_planner
[ 45%] [32mBuilding CXX object CMakeFiles/planning_context_loader_circ.dir/src/trajectory_generator_circ.cpp.o[0m
[ 45%] [32mBuilding CXX object CMakeFiles/sequence_capability.dir/src/plan_components_builder.cpp.o[0m
[ 47%] [32mBuilding CXX object CMakeFiles/planning_context_loader_ptp.dir/src/trajectory_functions.cpp.o[0m
[ 50%] [32mBuilding CXX object CMakeFiles/sequence_capability.dir/src/command_list_manager.cpp.o[0m
[35m[1mScanning dependencies of target planning_context_loader_lin[0m
[ 52%] [32mBuilding CXX object CMakeFiles/planning_context_loader_lin.dir/src/planning_context_loader_lin.cpp.o[0m
[ 54%] [32mBuilding CXX object CMakeFiles/planning_context_loader_lin.dir/src/planning_context_loader.cpp.o[0m
[ 56%] [32mBuilding CXX object CMakeFiles/planning_context_loader_circ.dir/src/path_circle_generator.cpp.o[0m
[ 56%] [32m[1mLinking CXX shared library /root/catkin_ws/devel/.private/pilz_industrial_motion_planner/lib/libplanning_context_loader_circ.so[0m
[ 56%] Built target planning_context_loader_circ
[ 58%] [32mBuilding CXX object CMakeFiles/planning_context_loader_ptp.dir/src/trajectory_generator.cpp.o[0m
[ 60%] [32mBuilding CXX object CMakeFiles/planning_context_loader_ptp.dir/src/trajectory_generator_ptp.cpp.o[0m
[ 60%] [32mBuilding CXX object CMakeFiles/planning_context_loader_ptp.dir/src/velocity_profile_atrap.cpp.o[0m
[ 62%] [32mBuilding CXX object CMakeFiles/sequence_capability.dir/src/trajectory_blender_transition_window.cpp.o[0m
[35m[1mScanning dependencies of target pilz_industrial_motion_planner_testhelpers[0m
[ 64%] [32mBuilding CXX object CMakeFiles/pilz_industrial_motion_planner_testhelpers.dir/test/test_utils.cpp.o[0m
[ 66%] [32mBuilding CXX object CMakeFiles/planning_context_loader_lin.dir/src/trajectory_functions.cpp.o[0m
[35m[1mScanning dependencies of target command_list_manager[0m
[ 66%] [32mBuilding CXX object CMakeFiles/command_list_manager.dir/src/command_list_manager.cpp.o[0m
[ 68%] [32mBuilding CXX object CMakeFiles/planning_context_loader_ptp.dir/src/joint_limits_container.cpp.o[0m
[ 70%] [32m[1mLinking CXX shared library /root/catkin_ws/devel/.private/pilz_industrial_motion_planner/lib/libplanning_context_loader_ptp.so[0m
[ 70%] Built target planning_context_loader_ptp
[ 70%] [32mBuilding CXX object CMakeFiles/pilz_industrial_motion_planner_testhelpers.dir/src/trajectory_generator.cpp.o[0m
[ 72%] [32mBuilding CXX object CMakeFiles/sequence_capability.dir/src/joint_limits_aggregator.cpp.o[0m
[ 75%] [32mBuilding CXX object CMakeFiles/planning_context_loader_lin.dir/src/trajectory_generator.cpp.o[0m
[ 77%] [32mBuilding CXX object CMakeFiles/command_list_manager.dir/src/plan_components_builder.cpp.o[0m
[ 79%] [32mBuilding CXX object CMakeFiles/pilz_industrial_motion_planner_testhelpers.dir/src/trajectory_generator_circ.cpp.o[0m
[ 79%] [32mBuilding CXX object CMakeFiles/planning_context_loader_lin.dir/src/trajectory_generator_lin.cpp.o[0m
[ 79%] [32mBuilding CXX object CMakeFiles/sequence_capability.dir/src/joint_limits_container.cpp.o[0m
[ 81%] [32m[1mLinking CXX shared library /root/catkin_ws/devel/.private/pilz_industrial_motion_planner/lib/libcommand_list_manager.so[0m
[ 81%] Built target command_list_manager
[ 83%] [32mBuilding CXX object CMakeFiles/planning_context_loader_lin.dir/src/velocity_profile_atrap.cpp.o[0m
[ 85%] [32mBuilding CXX object CMakeFiles/sequence_capability.dir/src/limits_container.cpp.o[0m
[ 87%] [32mBuilding CXX object CMakeFiles/pilz_industrial_motion_planner_testhelpers.dir/src/trajectory_generator_lin.cpp.o[0m
[ 89%] [32mBuilding CXX object CMakeFiles/sequence_capability.dir/src/cartesian_limit.cpp.o[0m
[ 91%] [32mBuilding CXX object CMakeFiles/sequence_capability.dir/src/cartesian_limits_aggregator.cpp.o[0m
[ 91%] [32m[1mLinking CXX shared library /root/catkin_ws/devel/.private/pilz_industrial_motion_planner/lib/libsequence_capability.so[0m
[ 93%] [32m[1mLinking CXX shared library /root/catkin_ws/devel/.private/pilz_industrial_motion_planner/lib/libplanning_context_loader_lin.so[0m
[ 93%] Built target sequence_capability
[ 95%] [32mBuilding CXX object CMakeFiles/pilz_industrial_motion_planner_testhelpers.dir/src/trajectory_generator_ptp.cpp.o[0m
[ 95%] Built target planning_context_loader_lin
[ 97%] [32mBuilding CXX object CMakeFiles/pilz_industrial_motion_planner_testhelpers.dir/src/path_circle_generator.cpp.o[0m
[ 97%] [32mBuilding CXX object CMakeFiles/pilz_industrial_motion_planner_testhelpers.dir/src/velocity_profile_atrap.cpp.o[0m
[100%] [32m[1mLinking CXX shared library /root/catkin_ws/devel/.private/pilz_industrial_motion_planner/lib/libpilz_industrial_motion_planner_testhelpers.so[0m
[100%] Built target pilz_industrial_motion_planner_testhelpers
