[  0%] Built target octomap_msgs_generate_messages_lisp
[  0%] Built target sensor_msgs_generate_messages_lisp
[  0%] Built target octomap_msgs_generate_messages_nodejs
[  0%] Built target object_recognition_msgs_generate_messages_lisp
[  0%] Built target octomap_msgs_generate_messages_cpp
[  0%] Built target octomap_msgs_generate_messages_py
[  0%] Built target object_recognition_msgs_generate_messages_nodejs
[  0%] Built target trajectory_msgs_generate_messages_nodejs
[  0%] Built target object_recognition_msgs_generate_messages_cpp
[  0%] Built target octomap_msgs_generate_messages_eus
[  0%] Built target object_recognition_msgs_generate_messages_eus
[  0%] Built target trajectory_msgs_generate_messages_cpp
[  0%] Built target sensor_msgs_generate_messages_nodejs
[  0%] Built target _catkin_empty_exported_target
[  0%] Built target roscpp_generate_messages_lisp
[  0%] Built target actionlib_generate_messages_lisp
[  0%] Built target actionlib_msgs_generate_messages_cpp
[  0%] Built target actionlib_msgs_generate_messages_py
[  0%] Built target object_recognition_msgs_generate_messages_py
[  0%] Built target actionlib_generate_messages_cpp
[  0%] Built target shape_msgs_generate_messages_cpp
[  0%] Built target rosgraph_msgs_generate_messages_nodejs
[  0%] Built target shape_msgs_generate_messages_lisp
[  0%] Built target actionlib_generate_messages_py
[  0%] Built target tf2_msgs_generate_messages_py
[  0%] Built target trajectory_msgs_generate_messages_lisp
[  0%] Built target geometry_msgs_generate_messages_cpp
[  0%] Built target moveit_msgs_generate_messages_py
[  0%] Built target visualization_msgs_generate_messages_eus
[  0%] Built target std_msgs_generate_messages_py
[  0%] Built target std_msgs_generate_messages_cpp
[  0%] Built target tf2_msgs_generate_messages_cpp
[  0%] Built target geometry_msgs_generate_messages_eus
[  0%] Built target std_msgs_generate_messages_nodejs
[  0%] Built target geometry_msgs_generate_messages_py
[  0%] Built target moveit_msgs_generate_messages_eus
[  0%] Built target sensor_msgs_generate_messages_py
[  0%] Built target roscpp_generate_messages_eus
[  0%] Built target actionlib_msgs_generate_messages_eus
[  0%] Built target tf2_msgs_generate_messages_eus
[  0%] Built target tf2_msgs_generate_messages_lisp
[  0%] Built target geometry_msgs_generate_messages_nodejs
[  0%] Built target rosgraph_msgs_generate_messages_lisp
[  0%] Built target shape_msgs_generate_messages_eus
[  0%] Built target visualization_msgs_generate_messages_lisp
[  0%] Built target geometry_msgs_generate_messages_lisp
[  0%] Built target actionlib_msgs_generate_messages_nodejs
[  0%] Built target tf2_msgs_generate_messages_nodejs
[  0%] Built target std_msgs_generate_messages_eus
[  0%] Built target actionlib_generate_messages_nodejs
[  0%] Built target moveit_msgs_generate_messages_lisp
[  0%] Built target actionlib_msgs_generate_messages_lisp
[  0%] Built target std_msgs_generate_messages_lisp
[  0%] Built target roscpp_generate_messages_cpp
[  0%] Built target roscpp_generate_messages_nodejs
[  0%] Built target trajectory_msgs_generate_messages_py
[  0%] Built target actionlib_generate_messages_eus
[  0%] Built target rosgraph_msgs_generate_messages_py
[  0%] Built target shape_msgs_generate_messages_nodejs
[  0%] Built target trajectory_msgs_generate_messages_eus
[  0%] Built target roscpp_generate_messages_py
[  0%] Built target rosgraph_msgs_generate_messages_eus
[  0%] Built target rosgraph_msgs_generate_messages_cpp
[  0%] Built target moveit_msgs_generate_messages_cpp
[  0%] Built target visualization_msgs_generate_messages_py
[  0%] Built target shape_msgs_generate_messages_py
[  0%] Built target visualization_msgs_generate_messages_nodejs
[  0%] Built target moveit_msgs_generate_messages_nodejs
[  0%] Built target sensor_msgs_generate_messages_cpp
[  0%] Built target sensor_msgs_generate_messages_eus
[  0%] Built target visualization_msgs_generate_messages_cpp
[  1%] [34m[1mGenerating /root/catkin_ws/devel/.private/moveit_core/include/moveit/version.h, always_rebuild[0m
[  3%] Built target moveit_exceptions
[  5%] Built target moveit_background_processing
[  6%] Built target moveit_profiler
--  *** Building MoveIt 1.1.16 ***
[  8%] Built target moveit_python_tools
[ 13%] Built target moveit_utils
[ 15%] [34m[1mGenerating version.h[0m
[ 16%] Built target moveit_kinematics_base
[ 18%] Built target moveit_transforms
[ 21%] Built target moveit_distance_field
[ 21%] Built target version_h
[35m[1mScanning dependencies of target moveit_version[0m
[ 21%] [32mBuilding CXX object version/CMakeFiles/moveit_version.dir/version.cpp.o[0m
[ 31%] Built target moveit_robot_model
[ 33%] Built target moveit_test_utils
[ 36%] Built target moveit_robot_state
[ 38%] Built target moveit_dynamics_solver
[ 41%] Built target moveit_robot_trajectory
[ 43%] Built target moveit_kinematics_metrics
[ 53%] Built target moveit_collision_detection
[ 55%] Built target moveit_planning_interface
[ 61%] Built target moveit_trajectory_processing
[ 65%] Built target moveit_collision_detection_fcl
[ 70%] Built target moveit_collision_detection_bullet
[ 73%] Built target moveit_kinematic_constraints
[ 76%] Built target moveit_planning_scene
[ 78%] Built target collision_detector_bullet_plugin
[ 80%] Built target moveit_planning_request_adapter
[ 81%] Built target collision_detector_fcl_plugin
[ 88%] Built target moveit_constraint_samplers
[ 93%] Built target moveit_collision_distance_field
[ 98%] Built target pymoveit_core
[100%] [32m[1mLinking CXX executable /root/catkin_ws/devel/.private/moveit_core/lib/moveit_core/moveit_version[0m
[100%] Built target moveit_version
